"../../../Engine/Content/EngineMaterials/T_Default_Material_Grid_N.uasset" 0
"../../../Engine/Content/EngineMaterials/T_Default_Material_Grid_M.uasset" 1
"../../../Engine/Content/Functions/Engine_MaterialFunctions01/Opacity/CameraDepthFade.uasset" 2
"../../../Engine/Content/EngineMaterials/WorldGridMaterial.uasset" 3
"../../../Engine/Content/ArtTools/RenderToTexture/Meshes/S_1_Unit_Plane.uasset" 4
"../../../Engine/Content/EngineMaterials/DefaultMaterial.uasset" 5
"../../../Engine/Content/BasicShapes/Cone.uasset" 6
"../../../Engine/Content/BasicShapes/Plane.uasset" 7
"../../../Engine/Content/BasicShapes/Sphere.uasset" 8
"../../../Engine/Content/EditorLandscapeResources/DataLayer.uasset" 9
"../../../Engine/Content/EditorLandscapeResources/DefaultAlphaTexture.uasset" 10
"../../../Engine/Content/EditorMaterials/MAT_Groups_Toggle.uasset" 11
"../../../Engine/Content/EditorMaterials/MAT_Groups_Visibility.uasset" 12
"../../../Engine/Content/EditorMaterials/PreviewShadowIndicator.uasset" 13
"../../../Engine/Content/EditorMaterials/PreviewShadowIndicatorMaterial.uasset" 14
"../../../Engine/Content/EditorMaterials/MatineeGroups/MAT_ColorTrack.uasset" 15
"../../../Engine/Content/EditorMaterials/MatineeGroups/MAT_Groups_Anim.uasset" 16
"../../../Engine/Content/EditorMaterials/MatineeGroups/MAT_Groups_AudioMaster.uasset" 17
"../../../Engine/Content/EditorMaterials/MatineeGroups/MAT_Groups_Director.uasset" 18
"../../../Engine/Content/EditorMaterials/MatineeGroups/MAT_Groups_Event.uasset" 19
"../../../Engine/Content/EditorMaterials/MatineeGroups/MAT_Groups_Fade.uasset" 20
"../../../Engine/Content/EditorMaterials/MatineeGroups/MAT_Groups_Float.uasset" 21
"../../../Engine/Content/EditorMaterials/MatineeGroups/MAT_Groups_Move.uasset" 22
"../../../Engine/Content/EditorMaterials/MatineeGroups/MAT_Groups_Slomo.uasset" 23
"../../../Engine/Content/EditorMaterials/MatineeGroups/MAT_Groups_Sound.uasset" 24
"../../../Engine/Content/EditorMaterials/MatineeGroups/MAT_Groups_Vector.uasset" 25
"../../../Engine/Content/EditorMaterials/ParticleSystems/PSysThumbnail_NoImage.uasset" 26
"../../../Engine/Content/EditorMaterials/ParticleSystems/PSysThumbnail_OOD.uasset" 27
"../../../Engine/Content/EditorMaterials/Camera/CineMat.uasset" 28
"../../../Engine/Content/EditorMaterials/Camera/MI_CineMat_Rig.uasset" 29
"../../../Engine/Content/EditorMeshes/Camera/SM_CraneRig_Arm.uasset" 30
"../../../Engine/Content/EditorMeshes/Camera/SM_CraneRig_Base.uasset" 31
"../../../Engine/Content/EditorMeshes/Camera/SM_CraneRig_Body.uasset" 32
"../../../Engine/Content/EditorMeshes/Camera/SM_CraneRig_Mount.uasset" 33
"../../../Engine/Content/EditorMeshes/Camera/SM_RailRig_Mount.uasset" 34
"../../../Engine/Content/EditorMeshes/Camera/SM_RailRig_Track.uasset" 35
"../../../Engine/Content/EditorResources/BSPVertex.uasset" 36
"../../../Engine/Content/EditorResources/EmptyActor.uasset" 37
"../../../Engine/Content/EditorResources/S_Actor.uasset" 38
"../../../Engine/Content/EditorResources/S_Note.uasset" 39
"../../../Engine/Content/EditorResources/S_Solver.uasset" 40
"../../../Engine/Content/EditorResources/S_Terrain.uasset" 41
"../../../Engine/Content/EditorResources/S_Trigger.uasset" 42
"../../../Engine/Content/EditorResources/AudioIcons/S_AudioComponent_AutoActivate.uasset" 43
"../../../Engine/Content/EditorResources/LightIcons/S_LightError.uasset" 44
"../../../Engine/Content/EditorResources/SequenceRecorder/Countdown.uasset" 45
"../../../Engine/Content/EditorResources/SequenceRecorder/RecordingIndicator.uasset" 46
"../../../Engine/Content/EngineDamageTypes/DmgTypeBP_Environmental.uasset" 47
"../../../Engine/Content/EngineDebugMaterials/DebugEditorMaterial.uasset" 48
"../../../Engine/Content/EngineDebugMaterials/DebugMeshMaterial.uasset" 49
"../../../Engine/Content/EngineDebugMaterials/M_SimpleUnlitTranslucent.uasset" 50
"../../../Engine/Content/EngineDebugMaterials/VolumeToRender.uasset" 51
"../../../Engine/Content/Functions/Engine_MaterialFunctions02/Utility/CameraDirectionVector.uasset" 52
"../../../Engine/Content/EngineDebugMaterials/M_VolumeRenderSphereTracePP.uasset" 53
"../../../Engine/Content/Functions/Engine_MaterialFunctions01/Shading/ConvertFromDiffSpec.uasset" 54
"../../../Engine/Content/EngineDebugMaterials/VertexColorMaterial.uasset" 55
"../../../Engine/Content/EngineDebugMaterials/WireframeMaterial.uasset" 56
"../../../Engine/Content/EngineFonts/Faces/RobotoRegular.uasset" 57
"../../../Engine/Content/EngineFonts/Faces/RobotoLight.uasset" 58
"../../../Engine/Content/EngineFonts/Faces/RobotoItalic.uasset" 59
"../../../Engine/Content/EngineFonts/Faces/RobotoBoldItalic.uasset" 60
"../../../Engine/Content/EngineFonts/Faces/RobotoBold.uasset" 61
"../../../Engine/Content/EngineFonts/Faces/DroidSansFallback.uasset" 62
"../../../Engine/Content/EngineFonts/Roboto.uasset" 63
"../../../Engine/Content/EngineMaterials/BaseFlattenNormalMap.uasset" 64
"../../../Engine/Content/EngineMaterials/BaseFlattenGrayscaleMap.uasset" 65
"../../../Engine/Content/EngineMaterials/BaseFlattenEmissiveMap.uasset" 66
"../../../Engine/Content/EngineMaterials/BaseFlattenDiffuseMap.uasset" 67
"../../../Engine/Content/EngineMaterials/BaseFlattenMaterial.uasset" 68
"../../../Engine/Content/EngineMaterials/BlueNoise.uasset" 69
"../../../Engine/Content/EngineMaterials/DefaultBloomKernel.uasset" 70
"../../../Engine/Content/EngineMaterials/DefaultBokeh.uasset" 71
"../../../Engine/Content/EngineMaterials/DefaultDiffuse.uasset" 72
"../../../Engine/Content/EngineMaterials/DefaultDeferredDecalMaterial.uasset" 73
"../../../Engine/Content/EngineMaterials/DefaultLightFunctionMaterial.uasset" 74
"../../../Engine/Content/Functions/Engine_MaterialFunctions02/Utility/BreakOutFloat2Components.uasset" 75
"../../../Engine/Content/EngineMaterials/DefaultPostProcessMaterial.uasset" 76
"../../../Engine/Content/EngineFonts/RobotoDistanceField.uasset" 77
"../../../Engine/Content/EngineMaterials/DefaultTextMaterialOpaque.uasset" 78
"../../../Engine/Content/EngineMaterials/DefaultWhiteGrid.uasset" 79
"../../../Engine/Content/EngineMaterials/DefaultWhiteGrid_Low.uasset" 80
"../../../Engine/Content/EngineMaterials/EmissiveMeshMaterial.uasset" 81
"../../../Engine/Content/EngineMaterials/GizmoMaterial.uasset" 82
"../../../Engine/Content/EngineMaterials/Good64x64TilingNoiseHighFreq.uasset" 83
"../../../Engine/Content/EngineMaterials/MiniFont.uasset" 84
"../../../Engine/Content/EngineMaterials/InvalidLightmapSettings.uasset" 85
"../../../Engine/Content/EngineMaterials/M_InvalidLightmapSettings.uasset" 86
"../../../Engine/Content/Functions/Engine_MaterialFunctions02/WorldPositionOffset/CameraOffset.uasset" 87
"../../../Engine/Content/EngineMaterials/PhAT_JointLimitMaterial.uasset" 88
"../../../Engine/Content/EngineMaterials/PreintegratedSkinBRDF.uasset" 89
"../../../Engine/Content/EngineMaterials/RemoveSurfaceMaterial.uasset" 90
"../../../Engine/Content/EngineResources/WhiteSquareTexture.uasset" 91
"../../../Engine/Content/EngineMaterials/Widget3DPassThrough.uasset" 92
"../../../Engine/Content/EngineMaterials/Widget3DPassThrough_Masked.uasset" 93
"../../../Engine/Content/EngineMaterials/Widget3DPassThrough_Opaque.uasset" 94
"../../../Engine/Content/EngineMaterials/Widget3DPassThrough_Masked_OneSided.uasset" 95
"../../../Engine/Content/EngineMaterials/Widget3DPassThrough_Opaque_OneSided.uasset" 96
"../../../Engine/Content/EngineMaterials/Widget3DPassThrough_Translucent.uasset" 97
"../../../Engine/Content/EngineMaterials/Widget3DPassThrough_Translucent_OneSided.uasset" 98
"../../../Engine/Content/EngineMeshes/Cylinder.uasset" 99
"../../../Engine/Content/EngineMeshes/Sphere.uasset" 100
"../../../Engine/Content/EngineResources/Black.uasset" 101
"../../../Engine/Content/EngineResources/DefaultTextureCube.uasset" 102
"../../../Engine/Content/EngineResources/DefaultVolumeTexture2D.uasset" 103
"../../../Engine/Content/EngineResources/DefaultVolumeTexture.uasset" 104
"../../../Engine/Content/EngineResources/GradientTexture0.uasset" 105
"../../../Engine/Content/EngineSky/VolumetricClouds/T_NoiseShape64.uasset" 106
"../../../Engine/Content/EngineSky/VolumetricClouds/T_VolumeNoiseShape64.uasset" 107
"../../../Engine/Content/EngineSky/VolumetricClouds/T_NoiseErosion.uasset" 108
"../../../Engine/Content/EngineSky/VolumetricClouds/T_VolumeNoiseErosion32.uasset" 109
"../../../Engine/Content/Functions/Engine_MaterialFunctions02/Utility/MakeFloat2.uasset" 110
"../../../Engine/Content/EngineSky/VolumetricClouds/CloudWeatherTexture.uasset" 111
"../../../Engine/Content/EngineSky/VolumetricClouds/CloudGradientTexture.uasset" 112
"../../../Engine/Content/EngineSky/VolumetricClouds/m_SimpleVolumetricCloud.uasset" 113
"../../../Engine/Content/EngineSky/VolumetricClouds/m_SimpleVolumetricCloud_Inst.uasset" 114
"../../../Engine/Content/EngineSounds/Master.uasset" 115
"../../../Engine/Content/Functions/Engine_MaterialFunctions01/Shading/PowerToRoughness.uasset" 116
"../../../Engine/Content/Maps/Templates/Thumbnails/Default.uasset" 117
"../../../Engine/Content/Maps/Templates/Thumbnails/TimeOfDay.uasset" 118
"../../../Engine/Content/Maps/Templates/Thumbnails/VR-Basic.uasset" 119
"../../../Engine/Content/MobileResources/T_MobileControls_texture.uasset" 120
"../../../Engine/Content/MobileResources/T_MobileMenu2.uasset" 121
"../../../Engine/Content/MobileResources/HUD/AnalogHat.uasset" 122
"../../../Engine/Content/MobileResources/HUD/VirtualJoystick_Thumb.uasset" 123
"../../../Engine/Content/MobileResources/HUD/VirtualJoystick_Background.uasset" 124
"../../../Engine/Content/MobileResources/HUD/DefaultVirtualJoysticks.uasset" 125
"../../../Engine/Content/MobileResources/HUD/LeftVirtualJoystickOnly.uasset" 126
"../../../Engine/Content/MobileResources/HUD/MobileHUDButton1_off.uasset" 127
"../../../Engine/Content/MobileResources/HUD/MobileHUDButton1_on.uasset" 128
"../../../Engine/Content/MobileResources/HUD/MobileHUDButton2_off.uasset" 129
"../../../Engine/Content/MobileResources/HUD/MobileHUDButton2_on.uasset" 130
"../../../Engine/Content/MobileResources/HUD/MobileHUDButton3.uasset" 131
"../../../Engine/Content/MobileResources/HUD/MobileHUDButtonFire.uasset" 132
"../../../Engine/Content/MobileResources/HUD/MobileHUDDirectionPad.uasset" 133
"../../../Engine/Content/MobileResources/HUD/MobileHUDDirectionPad2.uasset" 134
"../../../Engine/Content/MobileResources/HUD/MobileHUDDirectionPad3.uasset" 135
"../../../Engine/Content/MobileResources/HUD/MobileHUDDirectionStick.uasset" 136
"../../../Engine/Content/MobileResources/HUD/T_Castle_ThumbstickInner.uasset" 137
"../../../Engine/Content/MobileResources/HUD/T_Castle_ThumbstickOutter.uasset" 138
"../../../Engine/Content/Tutorial/ContentIntroCurve.uasset" 139
"../../../Engine/Content/Tutorial/Basics/LevelEditorAttract.uasset" 140
"../../../Engine/Content/Tutorial/Basics/TutorialAssets/icon_tab_Levels_40x.uasset" 141
"../../../Engine/Content/Tutorial/Basics/LevelEditorOverview.uasset" 142
"../../../Engine/Content/Tutorial/BlueprintTutorials/TutorialAssets/Blueprint_64x.uasset" 143
"../../../Engine/Content/Tutorial/BlueprintTutorials/BlueprintEditorTutorial.uasset" 144
"../../../Engine/Content/VREditor/TransformGizmo/TranslucentTransformGizmoMaterial.uasset" 145
"../../../Engine/Content/VREditor/LaserPointer/VR_LaserPower_01.uasset" 146
"../../../Engine/Content/VREditor/TransformGizmo/TransformGizmoMaterial.uasset" 147
"../../../Engine/Content/VREditor/TransformGizmo/BoundingBoxCorner.uasset" 148
"../../../Engine/Content/VREditor/TransformGizmo/BoundingBoxEdge.uasset" 149
"../../../Engine/Content/VREditor/TransformGizmo/PlaneTranslationHandle.uasset" 150
"../../../Engine/Content/VREditor/TransformGizmo/Xray.uasset" 151
"../../../Engine/Content/VREditor/TransformGizmo/Main.uasset" 152
"../../../Engine/Content/VREditor/TransformGizmo/SM_Sequencer_Key.uasset" 153
"../../../Engine/Content/VREditor/TransformGizmo/SM_Sequencer_Node.uasset" 154
"../../Plugins/2D/Paper2D/Content/PlaceholderTextures/DummySpriteTexture.uasset" 155
"../../Plugins/2D/Paper2D/Content/DummySprite.uasset" 156
"../../Plugins/2D/Paper2D/Content/DefaultPaperTerrainMaterial.uasset" 157
"../../Plugins/2D/Paper2D/Content/DefaultSpriteMaterial.uasset" 158
"../../Plugins/2D/Paper2D/Content/MaskedUnlitSpriteMaterial.uasset" 159
"../../Plugins/2D/Paper2D/Content/OpaqueUnlitSpriteMaterial.uasset" 160
"../../Plugins/Experimental/ControlRig/Content/M_Manip.uasset" 161
"../../Plugins/Experimental/ControlRig/Content/Controls/ControlRigGizmoMaterial.uasset" 162
"../../Plugins/Experimental/ControlRig/Content/Controls/ControlRig_Arrow2_1mm.uasset" 163
"../../Plugins/Experimental/ControlRig/Content/Controls/ControlRig_Arrow2_3mm.uasset" 164
"../../Plugins/Experimental/ControlRig/Content/Controls/ControlRig_Arrow2_solid.uasset" 165
"../../Plugins/Experimental/ControlRig/Content/Controls/ControlRig_Arrow4_1mm.uasset" 166
"../../Plugins/Experimental/ControlRig/Content/Controls/ControlRig_Arrow4_3mm.uasset" 167
"../../Plugins/Experimental/ControlRig/Content/Controls/ControlRig_Arrow4_solid.uasset" 168
"../../Plugins/Experimental/ControlRig/Content/Controls/ControlRig_Arrow_1mm.uasset" 169
"../../Plugins/Experimental/ControlRig/Content/Controls/ControlRig_Arrow_3mm.uasset" 170
"../../Plugins/Experimental/ControlRig/Content/Controls/ControlRig_Arrow_solid.uasset" 171
"../../Plugins/Experimental/ControlRig/Content/Controls/ControlRig_Box_1mm.uasset" 172
"../../Plugins/Experimental/ControlRig/Content/Controls/ControlRig_Box_3mm.uasset" 173
"../../Plugins/Experimental/ControlRig/Content/Controls/ControlRig_Box_solid.uasset" 174
"../../Plugins/Experimental/ControlRig/Content/Controls/ControlRig_Circle_1mm.uasset" 175
"../../Plugins/Experimental/ControlRig/Content/Controls/ControlRig_Circle_3mm.uasset" 176
"../../Plugins/Experimental/ControlRig/Content/Controls/ControlRig_Circle_solid.uasset" 177
"../../Plugins/Experimental/ControlRig/Content/Controls/ControlRig_Diamond_1mm.uasset" 178
"../../Plugins/Experimental/ControlRig/Content/Controls/ControlRig_Diamond_3mm.uasset" 179
"../../Plugins/Experimental/ControlRig/Content/Controls/ControlRig_Diamond_solid.uasset" 180
"../../Plugins/Experimental/ControlRig/Content/Controls/ControlRig_HalfCircle_1mm.uasset" 181
"../../Plugins/Experimental/ControlRig/Content/Controls/ControlRig_HalfCircle_3mm.uasset" 182
"../../Plugins/Experimental/ControlRig/Content/Controls/ControlRig_HalfCircle_solid.uasset" 183
"../../Plugins/Experimental/ControlRig/Content/Controls/ControlRig_Hexagon_1mm.uasset" 184
"../../Plugins/Experimental/ControlRig/Content/Controls/ControlRig_Hexagon_3mm.uasset" 185
"../../Plugins/Experimental/ControlRig/Content/Controls/ControlRig_Hexagon_solid.uasset" 186
"../../Plugins/Experimental/ControlRig/Content/Controls/ControlRig_Octagon_1mm.uasset" 187
"../../Plugins/Experimental/ControlRig/Content/Controls/ControlRig_Octagon_3mm.uasset" 188
"../../Plugins/Experimental/ControlRig/Content/Controls/ControlRig_Octagon_solid.uasset" 189
"../../Plugins/Experimental/ControlRig/Content/Controls/ControlRig_Pyramid_1mm.uasset" 190
"../../Plugins/Experimental/ControlRig/Content/Controls/ControlRig_Pyramid_3mm.uasset" 191
"../../Plugins/Experimental/ControlRig/Content/Controls/ControlRig_Pyramid_solid.uasset" 192
"../../Plugins/Experimental/ControlRig/Content/Controls/ControlRig_QuarterCircle_1mm.uasset" 193
"../../Plugins/Experimental/ControlRig/Content/Controls/ControlRig_QuarterCircle_3mm.uasset" 194
"../../Plugins/Experimental/ControlRig/Content/Controls/ControlRig_QuarterCircle_solid.uasset" 195
"../../Plugins/Experimental/ControlRig/Content/Controls/ControlRig_RoundedSquare_1mm.uasset" 196
"../../Plugins/Experimental/ControlRig/Content/Controls/ControlRig_RoundedSquare_3mm.uasset" 197
"../../Plugins/Experimental/ControlRig/Content/Controls/ControlRig_RoundedSquare_solid.uasset" 198
"../../Plugins/Experimental/ControlRig/Content/Controls/ControlRig_RoundedTriangle_1mm.uasset" 199
"../../Plugins/Experimental/ControlRig/Content/Controls/ControlRig_RoundedTriangle_3mm.uasset" 200
"../../Plugins/Experimental/ControlRig/Content/Controls/ControlRig_RoundedTriangle_solid.uasset" 201
"../../Plugins/Experimental/ControlRig/Content/Controls/ControlRig_Sphere_1mm.uasset" 202
"../../Plugins/Experimental/ControlRig/Content/Controls/ControlRig_Sphere_3mm.uasset" 203
"../../Plugins/Experimental/ControlRig/Content/Controls/ControlRig_Sphere_solid.uasset" 204
"../../Plugins/Experimental/ControlRig/Content/Controls/ControlRig_Square_1mm.uasset" 205
"../../Plugins/Experimental/ControlRig/Content/Controls/ControlRig_Square_3mm.uasset" 206
"../../Plugins/Experimental/ControlRig/Content/Controls/ControlRig_Square_solid.uasset" 207
"../../Plugins/Experimental/ControlRig/Content/Controls/ControlRig_Star4_1mm.uasset" 208
"../../Plugins/Experimental/ControlRig/Content/Controls/ControlRig_Star4_3mm.uasset" 209
"../../Plugins/Experimental/ControlRig/Content/Controls/ControlRig_Star4_solid.uasset" 210
"../../Plugins/Experimental/ControlRig/Content/Controls/ControlRig_Triangle_1mm.uasset" 211
"../../Plugins/Experimental/ControlRig/Content/Controls/ControlRig_Triangle_3mm.uasset" 212
"../../Plugins/Experimental/ControlRig/Content/Controls/ControlRig_Triangle_solid.uasset" 213
"../../Plugins/Experimental/ControlRig/Content/Controls/ControlRig_Wedge_1mm.uasset" 214
"../../Plugins/Experimental/ControlRig/Content/Controls/ControlRig_Wedge_3mm.uasset" 215
"../../Plugins/Experimental/ControlRig/Content/Controls/ControlRig_Wedge_solid.uasset" 216
"../../Plugins/Experimental/ControlRig/Content/Controls/DefaultGizmoLibrary.uasset" 217
"../../Plugins/Editor/SpeedTreeImporter/Content/SpeedTree9/game_wind_noise.uasset" 218
"../../../Engine/Content/Functions/Engine_MaterialFunctions02/Utility/BreakOutFloat3Components.uasset" 219
"../../../Engine/Content/Functions/Engine_MaterialFunctions02/ObjectLocalBounds.uasset" 220
"../../Plugins/Editor/SpeedTreeImporter/Content/SpeedTree9/UnpackInteger3.uasset" 221
"../../Plugins/Editor/SpeedTreeImporter/Content/SpeedTree9/UnpackDirection.uasset" 222
"../../../Engine/Content/Functions/Engine_MaterialFunctions02/SafeNormalize.uasset" 223
"../../Plugins/Editor/SpeedTreeImporter/Content/SpeedTree9/SpeedTreeWindMotion.uasset" 224
"../../Plugins/Editor/SpeedTreeImporter/Content/SpeedTree9/SpeedTreeBranchMotion.uasset" 225
"../../../Engine/Content/Functions/Engine_MaterialFunctions02/UVs/BoundingBoxBased_0-1_UVW.uasset" 226
"../../Plugins/Editor/SpeedTreeImporter/Content/SpeedTree9/SpeedTreeWind.uasset" 227
"../../Plugins/Editor/SpeedTreeImporter/Content/SpeedTree9/SpeedTreeBillboard.uasset" 228
"../../../Engine/Content/EngineResources/DefaultTexture.uasset" 229
"../../Plugins/Editor/SpeedTreeImporter/Content/SpeedTree9/SpeedTreeBillboardMaster.uasset" 230
"../../Plugins/Editor/SpeedTreeImporter/Content/SpeedTree9/SpeedTreeCameraFacing.uasset" 231
"../../Plugins/Editor/SpeedTreeImporter/Content/SpeedTree9/SpeedTreeMaster.uasset" 232
"../../../Engine/Content/ArtTools/RenderToTexture/Materials/Debug/M_Emissive_Color.uasset" 233
"../../../Engine/Content/BasicShapes/Cylinder.uasset" 234
"../../Plugins/Lumin/MagicLeapPassableWorld/Content/MagicLeapARPinInfoActor.uasset" 235
"../../../Engine/Content/EditorBlueprintResources/StandardMacros.uasset" 236
"E:/P4GalacticMayhem/Coots/Coots_Gamejam/Content/Core/Material/M_Hull.uasset" 237
"../../Plugins/FX/Niagara/Content/Enums/ENiagaraScaleColorMode.uasset" 238
"../../Plugins/FX/Niagara/Content/DefaultAssets/M_Gnomon_Alpha.uasset" 239
"../../Plugins/FX/Niagara/Content/DynamicInputs/TypeConversions/VectorFromFloat.uasset" 240
"../../Plugins/FX/Niagara/Content/Enums/ENiagaraRandomnessEvaluation.uasset" 241
"../../Plugins/FX/Niagara/Content/Enums/ENiagaraRandomnessMode.uasset" 242
"../../Plugins/FX/Niagara/Content/Functions/V2/CalculateRandomRangeFloat.uasset" 243
"../../Plugins/FX/Niagara/Content/DynamicInputs/UniformRange/V2/RandomRangeFloat.uasset" 244
"../../Plugins/FX/Niagara/Content/Enums/ENiagara_SpriteRotationMode.uasset" 245
"../../Plugins/FX/Niagara/Content/DynamicInputs/ValueFromCurve/FloatFromCurve.uasset" 246
"../../Plugins/FX/Niagara/Content/Enums/ENiagara_EmitterStateOptions.uasset" 247
"../../Plugins/FX/Niagara/Content/Enums/ENiagara_InfiniteLoopDuration.uasset" 248
"../../Plugins/FX/Niagara/Content/Enums/ENiagaraEmitterLifeCycleMode.uasset" 249
"../../Plugins/FX/Niagara/Content/Enums/ENiagaraEmitterScalabilityMode_Limited.uasset" 250
"../../Plugins/FX/Niagara/Content/Enums/ENiagaraInactiveMode.uasset" 251
"../../Plugins/FX/Niagara/Content/Enums/ENiagaraExecutionStateManagement.uasset" 252
"../../Plugins/FX/Niagara/Content/Functions/Emitter/EmitterChangeState.uasset" 253
"../../Plugins/FX/Niagara/Content/Modules/Emitter/EmitterState.uasset" 254
"../../Plugins/FX/Niagara/Content/Functions/GetRandomInfo.uasset" 255
"../../Plugins/FX/Niagara/Content/Functions/RandomRangeFloat.uasset" 256
"../../Plugins/FX/Niagara/Content/Modules/Emitter/SpawnRate.uasset" 257
"../../Plugins/FX/Niagara/Content/Functions/Localspace/SimulationPosition.uasset" 258
"../../Plugins/FX/Niagara/Content/Functions/DirectionAndLengthSafe.uasset" 259
"../../Plugins/FX/Niagara/Content/Modules/Solvers/SolveForcesAndVelocity.uasset" 260
"../../Plugins/FX/Niagara/Content/Enums/ENiagara_ColorInitializationMode.uasset" 261
"../../Plugins/FX/Niagara/Content/Enums/ENiagara_LifetimeMode.uasset" 262
"../../Plugins/FX/Niagara/Content/Enums/ENiagara_MassInitializationMode.uasset" 263
"../../Plugins/FX/Niagara/Content/Enums/ENiagara_PositionInitializationMode.uasset" 264
"../../Plugins/FX/Niagara/Content/Enums/ENiagara_SizeScaleMode.uasset" 265
"../../Plugins/FX/Niagara/Content/Enums/ENiagara_UVFlippingMode.uasset" 266
"../../Plugins/FX/Niagara/Content/Enums/ENiagaraChannelCorrelation.uasset" 267
"../../Plugins/FX/Niagara/Content/Enums/ENiagaraCoordinateSpace.uasset" 268
"../../Plugins/FX/Niagara/Content/Functions/V2/CalculateRandomRange.uasset" 269
"../../Plugins/FX/Niagara/Content/Functions/V2/CalculateRandomRangeInteger.uasset" 270
"../../Plugins/FX/Niagara/Content/Functions/V2/CalculateRandomBool.uasset" 271
"../../Plugins/FX/Niagara/Content/Functions/Localspace/TransformBase.uasset" 272
"../../Plugins/FX/Niagara/Content/Functions/Localspace/TransformVector.uasset" 273
"../../Plugins/FX/Niagara/Content/Functions/LinearColor/HueShiftLinearColor.uasset" 274
"../../Plugins/FX/Niagara/Content/Modules/Spawn/Initialization/V2/InitializeParticle.uasset" 275
"../../Plugins/FX/Niagara/Content/Functions/Math/RemapValueRange.uasset" 276
"../../Plugins/FX/Niagara/Content/Functions/Rotation/MultiplyVectorWithQuaternion.uasset" 277
"../../Plugins/FX/Niagara/Content/Functions/Rotation/FindQuatBetween.uasset" 278
"../../Plugins/FX/Niagara/Content/Functions/PolarToCartesianCoordinates.uasset" 279
"../../Plugins/FX/Niagara/Content/Functions/RandomVectorInCone.uasset" 280
"../../Plugins/FX/Niagara/Content/Modules/Spawn/Velocity/AddVelocityInCone.uasset" 281
"../../Plugins/FX/Niagara/Content/Enums/ENiagaraSystemInactiveMode.uasset" 282
"../../Plugins/FX/Niagara/Content/Functions/System/SystemChangeState.uasset" 283
"../../Plugins/FX/Niagara/Content/Modules/System/SystemState.uasset" 284
"../../Plugins/FX/Niagara/Content/Modules/Update/Color/ScaleColor.uasset" 285
"../../Plugins/FX/Niagara/Content/Modules/Update/Lifetime/ParticleState.uasset" 286
"../../Plugins/FX/Niagara/Content/Modules/Update/Size/ScaleMeshSize.uasset" 287
"E:/P4GalacticMayhem/Coots/Coots_Gamejam/Content/Core/Meshes/MogulCoin/Gloria_Basecol_Opacity.uasset" 288
"E:/P4GalacticMayhem/Coots/Coots_Gamejam/Content/Core/Meshes/MogulCoin/M_Gloria.uasset" 289
"E:/P4GalacticMayhem/Coots/Coots_Gamejam/Content/Core/Meshes/MogulCoin/Gloria.uasset" 290
"E:/P4GalacticMayhem/Coots/Coots_Gamejam/Content/Core/Meshes/MogulCoin/FXS_Gloria.uasset" 291
"E:/P4GalacticMayhem/Coots/Coots_Gamejam/Content/Core/Meshes/MogulCoin/MogulCoin_Basecol_Opacity.uasset" 292
"E:/P4GalacticMayhem/Coots/Coots_Gamejam/Content/Core/Meshes/MogulCoin/M_MogulCoin.uasset" 293
"E:/P4GalacticMayhem/Coots/Coots_Gamejam/Content/Core/Meshes/MogulCoin/MogulCoin.uasset" 294
"E:/P4GalacticMayhem/Coots/Coots_Gamejam/Content/Core/Sounds/Player/CoinCollect_Audio.uasset" 295
"E:/P4GalacticMayhem/Coots/Coots_Gamejam/Content/Core/Mechanics/DashResetCoin/DashResetCoin.uasset" 296
"E:/P4GalacticMayhem/Coots/Coots_Gamejam/Content/Core/Player/Coots_sk_Skeleton.uasset" 297
"E:/P4GalacticMayhem/Coots/Coots_Gamejam/Content/Core/Player/lkjasdlkjas.uasset" 298
"E:/P4GalacticMayhem/Coots/Coots_Gamejam/Content/Core/Player/lambert2.uasset" 299
"E:/P4GalacticMayhem/Coots/Coots_Gamejam/Content/Core/Player/Coots_sk_PhysicsAsset.uasset" 300
"E:/P4GalacticMayhem/Coots/Coots_Gamejam/Content/Core/Player/Coots_sk.uasset" 301
"../../../Engine/Content/Animation/DefaultAnimBoneCompressionSettings.uasset" 302
"../../../Engine/Content/Animation/DefaultAnimCurveCompressionSettings.uasset" 303
"E:/P4GalacticMayhem/Coots/Coots_Gamejam/Content/Core/Player/Anims/Coots_WallHangUp_Anim.uasset" 304
"E:/P4GalacticMayhem/Coots/Coots_Gamejam/Content/Core/Player/Anims/Coots_WallHangNeutral_Anim.uasset" 305
"E:/P4GalacticMayhem/Coots/Coots_Gamejam/Content/Core/Player/Anims/WallHangBS1D.uasset" 306
"E:/P4GalacticMayhem/Coots/Coots_Gamejam/Content/Core/Player/Anims/Coots_FallDown_Anim.uasset" 307
"E:/P4GalacticMayhem/Coots/Coots_Gamejam/Content/Core/Player/Anims/Coots_Idle_Anim.uasset" 308
"E:/P4GalacticMayhem/Coots/Coots_Gamejam/Content/Core/Player/Anims/Coots_Jump_Anim.uasset" 309
"E:/P4GalacticMayhem/Coots/Coots_Gamejam/Content/Core/Player/Anims/Coots_Landing_Anim.uasset" 310
"E:/P4GalacticMayhem/Coots/Coots_Gamejam/Content/Core/Player/Anims/Coots_Dash_Anim.uasset" 311
"E:/P4GalacticMayhem/Coots/Coots_Gamejam/Content/Core/Sounds/Player/Player_Walk_Audio.uasset" 312
"E:/P4GalacticMayhem/Coots/Coots_Gamejam/Content/Core/Player/Anims/Coots_Walk_Anim.uasset" 313
"E:/P4GalacticMayhem/Coots/Coots_Gamejam/Content/Core/Player/Anims/Coots_AnimBp.uasset" 314
"../../Plugins/FX/Niagara/Content/Modules/Update/Forces/GravityForce.uasset" 315
"../../Plugins/FX/Niagara/Content/Enums/ENiagaraSphereDistributionMode.uasset" 316
"../../Plugins/FX/Niagara/Content/Modules/Update/Forces/Drag.uasset" 317
"../../Plugins/FX/Niagara/Content/Enums/ENiagaraExpansionMode.uasset" 318
"../../Plugins/FX/Niagara/Content/Functions/V2/CalculateRandomPointInSphere.uasset" 319
"../../Plugins/FX/Niagara/Content/Functions/SphericalToCartesianCoordinates.uasset" 320
"../../Plugins/FX/Niagara/Content/Modules/Spawn/Location/V2/SphereLocation.uasset" 321
"E:/P4GalacticMayhem/Coots/Coots_Gamejam/Content/Core/VFX/M_DefaultSprite.uasset" 322
"E:/P4GalacticMayhem/Coots/Coots_Gamejam/Content/Core/VFX/Wall_Climb/FXS_Wall_Climb.uasset" 323
"../../Plugins/FX/Niagara/Content/DynamicInputs/ValueFromCurve/VectorFromCurve.uasset" 324
"E:/P4GalacticMayhem/Coots/Coots_Gamejam/Content/Core/VFX/Respawn/M_Respawn.uasset" 325
"../../Plugins/FX/Niagara/Content/Functions/RandomUnitVector.uasset" 326
"../../Plugins/FX/Niagara/Content/Functions/RandomVector.uasset" 327
"../../Plugins/FX/Niagara/Content/Functions/NormalizeDistanceRange.uasset" 328
"../../Plugins/FX/Niagara/Content/Functions/DistanceBasedFalloff.uasset" 329
"../../Plugins/FX/Niagara/Content/Modules/Spawn/Velocity/AddVelocityFromPoint.uasset" 330
"../../Plugins/FX/Niagara/Content/DynamicInputs/TypeConversions/Vector2DFromFloat.uasset" 331
"../../Plugins/FX/Niagara/Content/Modules/Update/Size/ScaleSpriteSize.uasset" 332
"../../Plugins/FX/Niagara/Content/Modules/Emitter/SpawnBurst_Instantaneous.uasset" 333
"E:/P4GalacticMayhem/Coots/Coots_Gamejam/Content/Core/VFX/Respawn/FXS_Respawn.uasset" 334
"E:/P4GalacticMayhem/Coots/Coots_Gamejam/Content/Core/VFX/Jump/Gust.uasset" 335
"../../Plugins/FX/Niagara/Content/DynamicInputs/LinearColor/LerpLinearColors.uasset" 336
"E:/P4GalacticMayhem/Coots/Coots_Gamejam/Content/Core/VFX/Jump/M_Jump.uasset" 337
"E:/P4GalacticMayhem/Coots/Coots_Gamejam/Content/Core/VFX/Jump/FXS_Jump.uasset" 338
"E:/P4GalacticMayhem/Coots/Coots_Gamejam/Content/Core/Sounds/Player/Player_Jump_Audio.uasset" 339
"E:/P4GalacticMayhem/Coots/Coots_Gamejam/Content/Core/Sounds/Player/Player_Death_Audio.uasset" 340
"E:/P4GalacticMayhem/Coots/Coots_Gamejam/Content/Core/Sounds/Player/Player_Dash_Audio.uasset" 341
"E:/P4GalacticMayhem/Coots/Coots_Gamejam/Content/Core/Sounds/Player/391667__jeckkech__put.uasset" 342
"E:/P4GalacticMayhem/Coots/Coots_Gamejam/Content/Core/Player/Anims/Coots_Death_Anim.uasset" 343
"E:/P4GalacticMayhem/Coots/Coots_Gamejam/Content/Core/Player/Anims/Coots_Death_AnimMontage.uasset" 344
"E:/P4GalacticMayhem/Coots/Coots_Gamejam/Content/Core/VFX/Landing/FXS_Landing_Smol.uasset" 345
"../../Plugins/FX/Niagara/Content/Modules/Update/Material/DynamicMaterialParameters.uasset" 346
"../../Plugins/FX/Niagara/Content/Modules/Spawn/Velocity/AddVelocity.uasset" 347
"../../Plugins/FX/Niagara/Content/Modules/Spawn/Initialization/InitializeRibbon.uasset" 348
"../../Plugins/FX/Niagara/Content/Modules/Ribbons/ScaleRibbonWidth.uasset" 349
"../../Plugins/FX/Niagara/Content/DefaultAssets/Structs/LocationEvent.uasset" 350
"../../Plugins/FX/Niagara/Content/Modules/Events/ReceiveLocationEvent.uasset" 351
"../../Plugins/FX/Niagara/Content/Modules/Emitter/SpawnPerUnit.uasset" 352
"../../Plugins/FX/Niagara/Content/DynamicInputs/ValueFromCurve/Vector2DFromCurve.uasset" 353
"../../Plugins/FX/Niagara/Content/DefaultAssets/DefaultRIbbonMaterial.uasset" 354
"../../Plugins/FX/Niagara/Content/DefaultAssets/Templates/Emitters/LocationBasedRibbon.uasset" 355
"E:/P4GalacticMayhem/Coots/Coots_Gamejam/Content/Core/VFX/Dash/M_Dash.uasset" 356
"E:/P4GalacticMayhem/Coots/Coots_Gamejam/Content/Core/VFX/Dash/FXS_Dash.uasset" 357
"E:/P4GalacticMayhem/Coots/Coots_Gamejam/Content/Core/UI/Fonts/Seattle_Avenue.uasset" 358
"E:/P4GalacticMayhem/Coots/Coots_Gamejam/Content/Core/UI/Fonts/Seattle_Avenue_Font.uasset" 359
"E:/P4GalacticMayhem/Coots/Coots_Gamejam/Content/Core/UI/UIFunctions.uasset" 360
"E:/P4GalacticMayhem/Coots/Coots_Gamejam/Content/Core/UI/W_PauseMenu.uasset" 361
"E:/P4GalacticMayhem/Coots/Coots_Gamejam/Content/Core/Player/Player_Coots.uasset" 362
"E:/P4GalacticMayhem/Coots/Coots_Gamejam/Content/Core/Gamemode_Coots.uasset" 363
"E:/P4GalacticMayhem/Coots/Coots_Gamejam/Content/Core/Blockout/108366-grid.uasset" 364
"../../../Engine/Content/Functions/Engine_MaterialFunctions01/AlphaBlend/WorldAlignedBlend.uasset" 365
"../../../Engine/Content/Functions/Engine_MaterialFunctions01/Gradient/LinearGradient.uasset" 366
"../../../Engine/Content/Functions/Engine_MaterialFunctions01/ImageAdjustment/CheapContrast.uasset" 367
"../../../Engine/Content/Functions/Engine_MaterialFunctions01/Texturing/WorldAlignedTexture.uasset" 368
"E:/P4GalacticMayhem/Coots/Coots_Gamejam/Content/Core/Blockout/M_Blockout.uasset" 369
"../../../Engine/Content/BasicShapes/Cube.uasset" 370
"E:/P4GalacticMayhem/Coots/Coots_Gamejam/Content/Core/Blockout/Bloockout_Cube.uasset" 371
"../../../Engine/Content/EngineDebugMaterials/M_SimpleOpaque.uasset" 372
"../../../Engine/Content/EditorMaterials/Camera/MI_CineMat_CamViewFinder.uasset" 373
"../../../Engine/Content/EditorMaterials/Camera/MI_CineMat_CameraBody.uasset" 374
"../../../Engine/Content/EditorMeshes/Camera/SM_CineCam.uasset" 375
"E:/P4GalacticMayhem/Coots/Coots_Gamejam/Content/Core/Camera/Core/Camera/Tools/CameraState.uasset" 376
"E:/P4GalacticMayhem/Coots/Coots_Gamejam/Content/Core/Camera/Core/Camera/Tools/FOV.uasset" 377
"E:/P4GalacticMayhem/Coots/Coots_Gamejam/Content/Core/Camera/Core/Camera/Tools/LockAxis.uasset" 378
"E:/P4GalacticMayhem/Coots/Coots_Gamejam/Content/Core/Camera/Core/Camera/DynamicCameraSystem.uasset" 379
"E:/P4GalacticMayhem/Coots/Coots_Gamejam/Content/Core/Ludwig/Ludwig_SK_Skeleton.uasset" 380
"E:/P4GalacticMayhem/Coots/Coots_Gamejam/Content/Core/Ludwig/Ludwig_alpha.uasset" 381
"E:/P4GalacticMayhem/Coots/Coots_Gamejam/Content/Core/Ludwig/Ludwig_basecolor.uasset" 382
"E:/P4GalacticMayhem/Coots/Coots_Gamejam/Content/Core/Ludwig/Ludwig_Mat.uasset" 383
"E:/P4GalacticMayhem/Coots/Coots_Gamejam/Content/Core/Ludwig/Ludwig_SK_PhysicsAsset.uasset" 384
"E:/P4GalacticMayhem/Coots/Coots_Gamejam/Content/Core/Ludwig/Ludwig_SK.uasset" 385
"E:/P4GalacticMayhem/Coots/Coots_Gamejam/Content/Core/Ludwig/Anims/Ludwig_MainMenu_Anim.uasset" 386
"E:/P4GalacticMayhem/Coots/Coots_Gamejam/Content/Core/Material/OutlineShader.uasset" 387
"../../../Engine/Content/Functions/Engine_MaterialFunctions02/ScreenResolution.uasset" 388
"E:/P4GalacticMayhem/Coots/Coots_Gamejam/Content/Core/Material/PixalShader.uasset" 389
"E:/P4GalacticMayhem/Coots/Coots_Gamejam/Content/Core/UI/ThanksForPlaying.uasset" 390
"E:/P4GalacticMayhem/Coots/Coots_Gamejam/Content/Core/UI/W_Credits.uasset" 391
"E:/P4GalacticMayhem/Coots/Coots_Gamejam/Content/Core/Mechanics/WinGameCollision.uasset" 392
"E:/P4GalacticMayhem/Coots/Coots_Gamejam/Content/Core/Sounds/Music/Hitman_-_Kevin_Macleod.uasset" 393
"E:/P4GalacticMayhem/Coots/Coots_Gamejam/Content/Core/Sounds/Music/The_25th_Hour.uasset" 394
"E:/P4GalacticMayhem/Coots/Coots_Gamejam/Content/Core/Sounds/Music/We_Shop_Song.uasset" 395
"E:/P4GalacticMayhem/Coots/Coots_Gamejam/Content/Core/Mechanics/MusicCollisionBox/MusicChangeBox.uasset" 396
"E:/P4GalacticMayhem/Coots/Coots_Gamejam/Content/Core/Mechanics/Spikes/deathBox_bp.uasset" 397
"E:/P4GalacticMayhem/Coots/Coots_Gamejam/Content/Core/Material/M_Spikes.uasset" 398
"E:/P4GalacticMayhem/Coots/Coots_Gamejam/Content/Core/Meshes/Spike/Spikes.uasset" 399
"E:/P4GalacticMayhem/Coots/Coots_Gamejam/Content/Core/Mechanics/Spikes/Spikes_BP.uasset" 400
"../../../Engine/Content/BasicShapes/BasicShapeMaterial.uasset" 401
"E:/P4GalacticMayhem/Coots/Coots_Gamejam/Content/Core/Meshes/CarsBed/CarsBed_Basecol_Opacity.uasset" 402
"E:/P4GalacticMayhem/Coots/Coots_Gamejam/Content/Core/Meshes/CarsBed/M_Carsbed.uasset" 403
"E:/P4GalacticMayhem/Coots/Coots_Gamejam/Content/Core/Meshes/CarsBed/CarsBed.uasset" 404
"../../../Engine/Content/Functions/Engine_MaterialFunctions02/Texturing/CustomRotator.uasset" 405
"E:/P4GalacticMayhem/Coots/Coots_Gamejam/Content/LPSDeluxe2TropicalEnvironment/LPSD2_Textures/T_LPSNoise.uasset" 406
"E:/P4GalacticMayhem/Coots/Coots_Gamejam/Content/LPSDeluxe2TropicalEnvironment/LPSD2_Materials/SpecialMaterials/2ToneMaterials/MI_Mount_LightGray.uasset" 407
"E:/P4GalacticMayhem/Coots/Coots_Gamejam/Content/LPSDeluxe2TropicalEnvironment/LPSD2_Materials/SpecialMaterials/2ToneMaterials/MI_Mount_Green_2.uasset" 408
"../../../Engine/Content/Functions/Engine_MaterialFunctions02/Math/TimeWithSpeedVariable.uasset" 409
"E:/P4GalacticMayhem/Coots/Coots_Gamejam/Content/LPSDeluxe2TropicalEnvironment/LPSD2_Materials/SpecialMaterials/WaterMaterials/M_WaterSplash.uasset" 410
"E:/P4GalacticMayhem/Coots/Coots_Gamejam/Content/LPSDeluxe2TropicalEnvironment/LPSD2_Meshes/Water/SM_WaterFallSplash_2.uasset" 411
"E:/P4GalacticMayhem/Coots/Coots_Gamejam/Content/LPSDeluxe2TropicalEnvironment/LPSD2_Meshes/Water/SM_WaterFallSplash_1.uasset" 412
"../../../Engine/Content/Functions/Engine_MaterialFunctions02/WorldPositionOffset/LocalPosition.uasset" 413
"E:/P4GalacticMayhem/Coots/Coots_Gamejam/Content/LPSDeluxe2TropicalEnvironment/LPSD2_Materials/SpecialMaterials/WaterMaterials/M_Water_Tropic.uasset" 414
"E:/P4GalacticMayhem/Coots/Coots_Gamejam/Content/LPSDeluxe2TropicalEnvironment/LPSD2_Meshes/Water/SM_Water_CircleSmall.uasset" 415
"E:/P4GalacticMayhem/Coots/Coots_Gamejam/Content/LPSDeluxe2TropicalEnvironment/LPSD2_Materials/SpecialMaterials/WaterMaterials/M_WaterFall.uasset" 416
"E:/P4GalacticMayhem/Coots/Coots_Gamejam/Content/LPSDeluxe2TropicalEnvironment/LPSD2_Meshes/Water/SM_TropicWaterFall_1.uasset" 417
"E:/P4GalacticMayhem/Coots/Coots_Gamejam/Content/LPSDeluxe2TropicalEnvironment/LPSD2_Materials/Materials/Master_Color/M_Color_Master.uasset" 418
"E:/P4GalacticMayhem/Coots/Coots_Gamejam/Content/LPSDeluxe2TropicalEnvironment/LPSD2_Materials/Materials/Master_Color_Instances/MI_Glow_Cloud.uasset" 419
"E:/P4GalacticMayhem/Coots/Coots_Gamejam/Content/LPSDeluxe2TropicalEnvironment/LPSD2_Meshes/Water/SM_TropicCloud_2.uasset" 420
"E:/P4GalacticMayhem/Coots/Coots_Gamejam/Content/LPSDeluxe2TropicalEnvironment/LPSD2_Meshes/Volcano/SM_LavaCave_3.uasset" 421
"E:/P4GalacticMayhem/Coots/Coots_Gamejam/Content/LPSDeluxe2TropicalEnvironment/LPSD2_Materials/SpecialMaterials/2ToneMaterials/MI_Mount_Volcano.uasset" 422
"E:/P4GalacticMayhem/Coots/Coots_Gamejam/Content/LPSDeluxe2TropicalEnvironment/LPSD2_Materials/Materials/Master_Color_Instances/MI_Glow_Lava.uasset" 423
"E:/P4GalacticMayhem/Coots/Coots_Gamejam/Content/LPSDeluxe2TropicalEnvironment/LPSD2_Meshes/Volcano/SM_LargeVolcano_1.uasset" 424
"E:/P4GalacticMayhem/Coots/Coots_Gamejam/Content/LPSDeluxe2TropicalEnvironment/LPSD2_Materials/Materials/Master_Color_Instances/MI_Color_Charcoal.uasset" 425
"E:/P4GalacticMayhem/Coots/Coots_Gamejam/Content/LPSDeluxe2TropicalEnvironment/LPSD2_Materials/SpecialMaterials/MiscMaterials/M_LavaFlow_2.uasset" 426
"../../../Engine/Content/Functions/Engine_MaterialFunctions02/Fresnel_Function.uasset" 427
"E:/P4GalacticMayhem/Coots/Coots_Gamejam/Content/LPSDeluxe2TropicalEnvironment/LPSD2_Materials/SpecialMaterials/WaterMaterials/M_Water_Calm.uasset" 428
"E:/P4GalacticMayhem/Coots/Coots_Gamejam/Content/LPSDeluxe2TropicalEnvironment/LPSD2_Materials/Materials/Master_Color_Instances/MI_Gem_Sapphire.uasset" 429
"E:/P4GalacticMayhem/Coots/Coots_Gamejam/Content/LPSDeluxe2TropicalEnvironment/LPSD2_Meshes/Treasure/SM_TreasureGem_3.uasset" 430
"E:/P4GalacticMayhem/Coots/Coots_Gamejam/Content/LPSDeluxe2TropicalEnvironment/LPSD2_Materials/Materials/Master_Color_Instances/MI_Gem_Amethyst.uasset" 431
"E:/P4GalacticMayhem/Coots/Coots_Gamejam/Content/LPSDeluxe2TropicalEnvironment/LPSD2_Materials/Materials/Master_Color_Instances/MI_Color_Black.uasset" 432
"E:/P4GalacticMayhem/Coots/Coots_Gamejam/Content/LPSDeluxe2TropicalEnvironment/LPSD2_Materials/Materials/Master_Color_Instances/MI_Color_Gray.uasset" 433
"E:/P4GalacticMayhem/Coots/Coots_Gamejam/Content/LPSDeluxe2TropicalEnvironment/LPSD2_Meshes/Treasure/SM_TreasureGem_2.uasset" 434
"E:/P4GalacticMayhem/Coots/Coots_Gamejam/Content/LPSDeluxe2TropicalEnvironment/LPSD2_Materials/Materials/Master_Color_Instances/MI_Gem_Ruby.uasset" 435
"E:/P4GalacticMayhem/Coots/Coots_Gamejam/Content/LPSDeluxe2TropicalEnvironment/LPSD2_Meshes/Treasure/SM_TreasureGem_1.uasset" 436
"E:/P4GalacticMayhem/Coots/Coots_Gamejam/Content/LPSDeluxe2TropicalEnvironment/LPSD2_Materials/Materials/Master_Color_Instances/MI_Metal_Brass.uasset" 437
"E:/P4GalacticMayhem/Coots/Coots_Gamejam/Content/LPSDeluxe2TropicalEnvironment/LPSD2_Materials/Materials/Master_Color_Instances/MI_Metal_Steel.uasset" 438
"E:/P4GalacticMayhem/Coots/Coots_Gamejam/Content/LPSDeluxe2TropicalEnvironment/LPSD2_Materials/Materials/Master_Color_Instances/MI_Metal_Gold.uasset" 439
"E:/P4GalacticMayhem/Coots/Coots_Gamejam/Content/LPSDeluxe2TropicalEnvironment/LPSD2_Materials/Materials/Master_Color_Instances/MI_Gem_Emerald.uasset" 440
"E:/P4GalacticMayhem/Coots/Coots_Gamejam/Content/LPSDeluxe2TropicalEnvironment/LPSD2_Meshes/Treasure/Sm_TreasureChalice_1.uasset" 441
"E:/P4GalacticMayhem/Coots/Coots_Gamejam/Content/LPSDeluxe2TropicalEnvironment/LPSD2_Materials/Materials/Master_Color_Instances/MI_Metal_Iron.uasset" 442
"E:/P4GalacticMayhem/Coots/Coots_Gamejam/Content/LPSDeluxe2TropicalEnvironment/LPSD2_Materials/Materials/Master_Color_Instances/MI_Color_Oak.uasset" 443
"E:/P4GalacticMayhem/Coots/Coots_Gamejam/Content/LPSDeluxe2TropicalEnvironment/LPSD2_Meshes/Treasure/SM_PirateChest_3.uasset" 444
"E:/P4GalacticMayhem/Coots/Coots_Gamejam/Content/LPSDeluxe2TropicalEnvironment/LPSD2_Textures/T_CoinPile_N.uasset" 445
"E:/P4GalacticMayhem/Coots/Coots_Gamejam/Content/LPSDeluxe2TropicalEnvironment/LPSD2_Textures/T_CoinPile.uasset" 446
"E:/P4GalacticMayhem/Coots/Coots_Gamejam/Content/LPSDeluxe2TropicalEnvironment/LPSD2_Materials/SpecialMaterials/MiscMaterials/M_GoldCoin_Base2.uasset" 447
"E:/P4GalacticMayhem/Coots/Coots_Gamejam/Content/LPSDeluxe2TropicalEnvironment/LPSD2_Materials/SpecialMaterials/MiscMaterials/M_GoldCoin_Top_2.uasset" 448
"E:/P4GalacticMayhem/Coots/Coots_Gamejam/Content/LPSDeluxe2TropicalEnvironment/LPSD2_Meshes/Treasure/SM_Pile_2.uasset" 449
"E:/P4GalacticMayhem/Coots/Coots_Gamejam/Content/LPSDeluxe2TropicalEnvironment/LPSD2_Materials/SpecialMaterials/MiscMaterials/M_GoldCoin_Top_1.uasset" 450
"E:/P4GalacticMayhem/Coots/Coots_Gamejam/Content/LPSDeluxe2TropicalEnvironment/LPSD2_Materials/SpecialMaterials/MiscMaterials/M_GoldCoin_Base_1.uasset" 451
"E:/P4GalacticMayhem/Coots/Coots_Gamejam/Content/LPSDeluxe2TropicalEnvironment/LPSD2_Meshes/Treasure/SM_Pile_1.uasset" 452
"E:/P4GalacticMayhem/Coots/Coots_Gamejam/Content/LPSDeluxe2TropicalEnvironment/LPSD2_Materials/SpecialMaterials/2SidedMaterials/MI_2Side_BrightOrange.uasset" 453
"E:/P4GalacticMayhem/Coots/Coots_Gamejam/Content/LPSDeluxe2TropicalEnvironment/LPSD2_Materials/Materials/Master_Color_Instances/MI_Color_Caramel.uasset" 454
"E:/P4GalacticMayhem/Coots/Coots_Gamejam/Content/LPSDeluxe2TropicalEnvironment/LPSD2_Meshes/Tiki/SM_TikiSpear_1.uasset" 455
"E:/P4GalacticMayhem/Coots/Coots_Gamejam/Content/LPSDeluxe2TropicalEnvironment/LPSD2_Meshes/Platform/SM_TRockColumn_1.uasset" 456
"E:/P4GalacticMayhem/Coots/Coots_Gamejam/Content/LPSDeluxe2TropicalEnvironment/LPSD2_Meshes/Platform/SM_TPlatform_3.uasset" 457
"E:/P4GalacticMayhem/Coots/Coots_Gamejam/Content/LPSDeluxe2TropicalEnvironment/LPSD2_Meshes/Platform/SM_TPlatform_2.uasset" 458
"E:/P4GalacticMayhem/Coots/Coots_Gamejam/Content/LPSDeluxe2TropicalEnvironment/LPSD2_Meshes/Platform/SM_TPlatform_1.uasset" 459
"E:/P4GalacticMayhem/Coots/Coots_Gamejam/Content/LPSDeluxe2TropicalEnvironment/LPSD2_Meshes/Platform/SM_PlatformTall_1.uasset" 460
"E:/P4GalacticMayhem/Coots/Coots_Gamejam/Content/LPSDeluxe2TropicalEnvironment/LPSD2_Meshes/Platform/SM_LStoneBlock_1.uasset" 461
"E:/P4GalacticMayhem/Coots/Coots_Gamejam/Content/LPSDeluxe2TropicalEnvironment/LPSD2_Meshes/Mountain/SM_TropicMountain_5.uasset" 462
"E:/P4GalacticMayhem/Coots/Coots_Gamejam/Content/LPSDeluxe2TropicalEnvironment/LPSD2_Meshes/Mountain/SM_TropicMountain_4.uasset" 463
"E:/P4GalacticMayhem/Coots/Coots_Gamejam/Content/LPSDeluxe2TropicalEnvironment/LPSD2_Meshes/Mountain/SM_TropicMountain_3.uasset" 464
"E:/P4GalacticMayhem/Coots/Coots_Gamejam/Content/LPSDeluxe2TropicalEnvironment/LPSD2_Meshes/Mountain/SM_TropicMountain_2.uasset" 465
"E:/P4GalacticMayhem/Coots/Coots_Gamejam/Content/LPSDeluxe2TropicalEnvironment/LPSD2_Meshes/Mountain/SM_TRock_1.uasset" 466
"E:/P4GalacticMayhem/Coots/Coots_Gamejam/Content/LPSDeluxe2TropicalEnvironment/LPSD2_Materials/SpecialMaterials/MiscMaterials/M_Glass_Window.uasset" 467
"E:/P4GalacticMayhem/Coots/Coots_Gamejam/Content/LPSDeluxe2TropicalEnvironment/LPSD2_Materials/SpecialMaterials/2SidedMaterials/M_2Side_Master.uasset" 468
"E:/P4GalacticMayhem/Coots/Coots_Gamejam/Content/LPSDeluxe2TropicalEnvironment/LPSD2_Materials/SpecialMaterials/2SidedMaterials/M_2Side_White.uasset" 469
"E:/P4GalacticMayhem/Coots/Coots_Gamejam/Content/LPSDeluxe2TropicalEnvironment/LPSD2_Materials/Materials/Master_Color_Instances/MI_Glow_Orange.uasset" 470
"E:/P4GalacticMayhem/Coots/Coots_Gamejam/Content/LPSDeluxe2TropicalEnvironment/LPSD2_Materials/Materials/Master_Color_Instances/MI_Metal_Aluminum.uasset" 471
"E:/P4GalacticMayhem/Coots/Coots_Gamejam/Content/LPSDeluxe2TropicalEnvironment/LPSD2_Materials/Materials/Master_Color_Instances/MI_Color_Red.uasset" 472
"E:/P4GalacticMayhem/Coots/Coots_Gamejam/Content/LPSDeluxe2TropicalEnvironment/LPSD2_Meshes/Beach/SM_TropicalLighthouse_1.uasset" 473
"E:/P4GalacticMayhem/Coots/Coots_Gamejam/Content/LPSDeluxe2TropicalEnvironment/LPSD2_Materials/Materials/Master_Color_Instances/MI_Color_TropicBlue.uasset" 474
"E:/P4GalacticMayhem/Coots/Coots_Gamejam/Content/LPSDeluxe2TropicalEnvironment/LPSD2_Materials/Materials/Master_Color_Instances/MI_Color_Caramel_2.uasset" 475
"E:/P4GalacticMayhem/Coots/Coots_Gamejam/Content/LPSDeluxe2TropicalEnvironment/LPSD2_Meshes/Beach/SM_SmallBoat_1.uasset" 476
"E:/P4GalacticMayhem/Coots/Coots_Gamejam/Content/LPSDeluxe2TropicalEnvironment/LPSD2_Materials/SpecialMaterials/2SidedMaterials/MI_2Side_OffWhite.uasset" 477
"E:/P4GalacticMayhem/Coots/Coots_Gamejam/Content/LPSDeluxe2TropicalEnvironment/LPSD2_Meshes/Beach/SM_Seashell_1.uasset" 478
"E:/P4GalacticMayhem/Coots/Coots_Gamejam/Content/LPSDeluxe2TropicalEnvironment/LPSD2_Materials/Materials/Master_Color_Instances/MI_Color_Yellow.uasset" 479
"E:/P4GalacticMayhem/Coots/Coots_Gamejam/Content/LPSDeluxe2TropicalEnvironment/LPSD2_Meshes/Beach/SM_Boombox_1.uasset" 480
"E:/P4GalacticMayhem/Coots/Coots_Gamejam/Content/LPSDeluxe2TropicalEnvironment/LPSD2_Materials/SpecialMaterials/2SidedMaterials/MI_2Side_Red.uasset" 481
"E:/P4GalacticMayhem/Coots/Coots_Gamejam/Content/LPSDeluxe2TropicalEnvironment/LPSD2_Meshes/Beach/SM_BeachUmb_1.uasset" 482
"E:/P4GalacticMayhem/Coots/Coots_Gamejam/Content/LPSDeluxe2TropicalEnvironment/LPSD2_Materials/SpecialMaterials/2SidedMaterials/MI_2Side_TropicBlue.uasset" 483
"E:/P4GalacticMayhem/Coots/Coots_Gamejam/Content/LPSDeluxe2TropicalEnvironment/LPSD2_Materials/SpecialMaterials/2SidedMaterials/MI_2Side_LightBrown.uasset" 484
"E:/P4GalacticMayhem/Coots/Coots_Gamejam/Content/LPSDeluxe2TropicalEnvironment/LPSD2_Meshes/Beach/SM_BeachChair_1.uasset" 485
"E:/P4GalacticMayhem/Coots/Coots_Gamejam/Content/LPSDeluxe2TropicalEnvironment/LPSD2_Textures/T_WoodPlank_N.uasset" 486
"E:/P4GalacticMayhem/Coots/Coots_Gamejam/Content/LPSDeluxe2TropicalEnvironment/LPSD2_Textures/T_WoodPlank.uasset" 487
"E:/P4GalacticMayhem/Coots/Coots_Gamejam/Content/LPSDeluxe2TropicalEnvironment/LPSD2_Materials/SpecialMaterials/MiscMaterials/M_WoodPlank.uasset" 488
"../../../Engine/Content/Functions/Engine_MaterialFunctions01/WorldPositionOffset/SimpleGrassWind.uasset" 489
"E:/P4GalacticMayhem/Coots/Coots_Gamejam/Content/LPSDeluxe2TropicalEnvironment/LPSD2_Materials/SpecialMaterials/MiscMaterials/M_WindSails.uasset" 490
"E:/P4GalacticMayhem/Coots/Coots_Gamejam/Content/LPSDeluxe2TropicalEnvironment/LPSD2_Textures/T_Waves.uasset" 491
"E:/P4GalacticMayhem/Coots/Coots_Gamejam/Content/LPSDeluxe2TropicalEnvironment/LPSD2_Textures/T_JollyRoger.uasset" 492
"E:/P4GalacticMayhem/Coots/Coots_Gamejam/Content/LPSDeluxe2TropicalEnvironment/LPSD2_Materials/SpecialMaterials/MiscMaterials/M_JollyRoger.uasset" 493
"E:/P4GalacticMayhem/Coots/Coots_Gamejam/Content/LPSDeluxe2TropicalEnvironment/LPSD2_Materials/SpecialMaterials/2SidedMaterials/MI_2Side_Coconut.uasset" 494
"E:/P4GalacticMayhem/Coots/Coots_Gamejam/Content/LPSDeluxe2TropicalEnvironment/LPSD2_Meshes/Pirate/SM_PirateShip_1.uasset" 495
"E:/P4GalacticMayhem/Coots/Coots_Gamejam/Content/LPSDeluxe2TropicalEnvironment/LPSD2_Meshes/Mountain/SM_TropicMountain_1.uasset" 496
"E:/P4GalacticMayhem/Coots/Coots_Gamejam/Content/LPSDeluxe2TropicalEnvironment/LPSD2_Meshes/Mountain/SM_CliffTop_2.uasset" 497
"E:/P4GalacticMayhem/Coots/Coots_Gamejam/Content/LPSDeluxe2TropicalEnvironment/LPSD2_Meshes/Mountain/SM_CliffTop_1.uasset" 498
"E:/P4GalacticMayhem/Coots/Coots_Gamejam/Content/LPSDeluxe2TropicalEnvironment/LPSD2_Meshes/Mountain/SM_CliffSide_5.uasset" 499
"E:/P4GalacticMayhem/Coots/Coots_Gamejam/Content/LPSDeluxe2TropicalEnvironment/LPSD2_Meshes/Mountain/SM_CliffSide_4.uasset" 500
"E:/P4GalacticMayhem/Coots/Coots_Gamejam/Content/LPSDeluxe2TropicalEnvironment/LPSD2_Meshes/Mountain/SM_CliffSide_3.uasset" 501
"E:/P4GalacticMayhem/Coots/Coots_Gamejam/Content/LPSDeluxe2TropicalEnvironment/LPSD2_Meshes/Mountain/SM_CliffSide_2.uasset" 502
"E:/P4GalacticMayhem/Coots/Coots_Gamejam/Content/LPSDeluxe2TropicalEnvironment/LPSD2_Meshes/Mountain/SM_CliffSide_1_.uasset" 503
"E:/P4GalacticMayhem/Coots/Coots_Gamejam/Content/LPSDeluxe2TropicalEnvironment/LPSD2_Materials/SpecialMaterials/MiscMaterials/M_LightShaft.uasset" 504
"E:/P4GalacticMayhem/Coots/Coots_Gamejam/Content/LPSDeluxe2TropicalEnvironment/LPSD2_Meshes/Misc/SM_LightShaft_1.uasset" 505
"E:/P4GalacticMayhem/Coots/Coots_Gamejam/Content/LPSDeluxe2TropicalEnvironment/LPSD2_Meshes/Flora/Sm_Underbrush_1.uasset" 506
"../../../Engine/Content/Functions/Engine_MaterialFunctions01/Vectors/RotateVector.uasset" 507
"E:/P4GalacticMayhem/Coots/Coots_Gamejam/Content/LPSDeluxe2TropicalEnvironment/LPSD2_Materials/SpecialMaterials/WindMaterials/M_Wind_Master.uasset" 508
"E:/P4GalacticMayhem/Coots/Coots_Gamejam/Content/LPSDeluxe2TropicalEnvironment/LPSD2_Materials/SpecialMaterials/WindMaterials/MI_Wind_2.uasset" 509
"E:/P4GalacticMayhem/Coots/Coots_Gamejam/Content/LPSDeluxe2TropicalEnvironment/LPSD2_Meshes/Flora/SM_TropicGrass_1.uasset" 510
"E:/P4GalacticMayhem/Coots/Coots_Gamejam/Content/LPSDeluxe2TropicalEnvironment/LPSD2_Materials/SpecialMaterials/WindMaterials/MI_Wind_16.uasset" 511
"E:/P4GalacticMayhem/Coots/Coots_Gamejam/Content/LPSDeluxe2TropicalEnvironment/LPSD2_Materials/SpecialMaterials/WindMaterials/MI_Wind_15.uasset" 512
"E:/P4GalacticMayhem/Coots/Coots_Gamejam/Content/LPSDeluxe2TropicalEnvironment/LPSD2_Meshes/Flora/Sm_TropicFlower_1.uasset" 513
"E:/P4GalacticMayhem/Coots/Coots_Gamejam/Content/LPSDeluxe2TropicalEnvironment/LPSD2_Meshes/Flora/SM_TropicCover_1.uasset" 514
"E:/P4GalacticMayhem/Coots/Coots_Gamejam/Content/LPSDeluxe2TropicalEnvironment/LPSD2_Materials/SpecialMaterials/WindMaterials/MI_Wind_9.uasset" 515
"E:/P4GalacticMayhem/Coots/Coots_Gamejam/Content/LPSDeluxe2TropicalEnvironment/LPSD2_Materials/SpecialMaterials/WindMaterials/MI_Wind_8.uasset" 516
"E:/P4GalacticMayhem/Coots/Coots_Gamejam/Content/LPSDeluxe2TropicalEnvironment/LPSD2_Meshes/Flora/SM_SmallPalm_1.uasset" 517
"E:/P4GalacticMayhem/Coots/Coots_Gamejam/Content/LPSDeluxe2TropicalEnvironment/LPSD2_Materials/SpecialMaterials/WindMaterials/MI_Wind_13.uasset" 518
"E:/P4GalacticMayhem/Coots/Coots_Gamejam/Content/LPSDeluxe2TropicalEnvironment/LPSD2_Materials/SpecialMaterials/WindMaterials/MI_Wind_12.uasset" 519
"E:/P4GalacticMayhem/Coots/Coots_Gamejam/Content/LPSDeluxe2TropicalEnvironment/LPSD2_Meshes/Flora/Sm_Plumeria_2.uasset" 520
"E:/P4GalacticMayhem/Coots/Coots_Gamejam/Content/LPSDeluxe2TropicalEnvironment/LPSD2_Materials/SpecialMaterials/WindMaterials/MI_Wind_4.uasset" 521
"E:/P4GalacticMayhem/Coots/Coots_Gamejam/Content/LPSDeluxe2TropicalEnvironment/LPSD2_Materials/SpecialMaterials/WindMaterials/MI_Wind_3.uasset" 522
"E:/P4GalacticMayhem/Coots/Coots_Gamejam/Content/LPSDeluxe2TropicalEnvironment/LPSD2_Meshes/Flora/Sm_Plumeria_1.uasset" 523
"E:/P4GalacticMayhem/Coots/Coots_Gamejam/Content/LPSDeluxe2TropicalEnvironment/LPSD2_Materials/SpecialMaterials/WindMaterials/MI_Wind_18.uasset" 524
"E:/P4GalacticMayhem/Coots/Coots_Gamejam/Content/LPSDeluxe2TropicalEnvironment/LPSD2_Materials/SpecialMaterials/WindMaterials/MI_Wind_1.uasset" 525
"E:/P4GalacticMayhem/Coots/Coots_Gamejam/Content/LPSDeluxe2TropicalEnvironment/LPSD2_Meshes/Flora/SM_PalmTree_1.uasset" 526
"E:/P4GalacticMayhem/Coots/Coots_Gamejam/Content/LPSDeluxe2TropicalEnvironment/LPSD2_Materials/SpecialMaterials/WindMaterials/MI_Wind_11.uasset" 527
"E:/P4GalacticMayhem/Coots/Coots_Gamejam/Content/LPSDeluxe2TropicalEnvironment/LPSD2_Materials/SpecialMaterials/WindMaterials/MI_Wind_10.uasset" 528
"E:/P4GalacticMayhem/Coots/Coots_Gamejam/Content/LPSDeluxe2TropicalEnvironment/LPSD2_Meshes/Flora/SM_LushPatch_1.uasset" 529
"E:/P4GalacticMayhem/Coots/Coots_Gamejam/Content/LPSDeluxe2TropicalEnvironment/LPSD2_Materials/SpecialMaterials/WindMaterials/MI_Wind_14.uasset" 530
"E:/P4GalacticMayhem/Coots/Coots_Gamejam/Content/LPSDeluxe2TropicalEnvironment/LPSD2_Meshes/Flora/SM_LeafyCover_1.uasset" 531
"E:/P4GalacticMayhem/Coots/Coots_Gamejam/Content/LPSDeluxe2TropicalEnvironment/LPSD2_Materials/Materials/Master_Color_Instances/MI_Color_Caramel_3.uasset" 532
"E:/P4GalacticMayhem/Coots/Coots_Gamejam/Content/LPSDeluxe2TropicalEnvironment/LPSD2_Materials/SpecialMaterials/MiscMaterials/M_TreeBreeze.uasset" 533
"E:/P4GalacticMayhem/Coots/Coots_Gamejam/Content/LPSDeluxe2TropicalEnvironment/LPSD2_Meshes/Flora/SM_IslandTree_1.uasset" 534
"E:/P4GalacticMayhem/Coots/Coots_Gamejam/Content/LPSDeluxe2TropicalEnvironment/LPSD2_Materials/SpecialMaterials/WindMaterials/MI_Wind_7.uasset" 535
"E:/P4GalacticMayhem/Coots/Coots_Gamejam/Content/LPSDeluxe2TropicalEnvironment/LPSD2_Meshes/Flora/SM_CoconutPalm_1.uasset" 536
"E:/P4GalacticMayhem/Coots/Coots_Gamejam/Content/LPSDeluxe2TropicalEnvironment/LPSD2_Materials/SpecialMaterials/WindMaterials/MI_Wind_6.uasset" 537
"E:/P4GalacticMayhem/Coots/Coots_Gamejam/Content/LPSDeluxe2TropicalEnvironment/LPSD2_Materials/SpecialMaterials/WindMaterials/MI_Wind_5.uasset" 538
"E:/P4GalacticMayhem/Coots/Coots_Gamejam/Content/LPSDeluxe2TropicalEnvironment/LPSD2_Meshes/Flora/SM_BirdofParadise_1.uasset" 539
"E:/P4GalacticMayhem/Coots/Coots_Gamejam/Content/LPSDeluxe2TropicalEnvironment/LPSD2_Meshes/Flora/SM_BananaTree_1.uasset" 540
"E:/P4GalacticMayhem/Coots/Coots_Gamejam/Content/LPSDeluxe2TropicalEnvironment/LPSD2_Materials/Materials/Master_Color_Instances/MI_Color_Shamrock.uasset" 541
"E:/P4GalacticMayhem/Coots/Coots_Gamejam/Content/LPSDeluxe2TropicalEnvironment/LPSD2_Materials/Materials/Master_Color_Instances/MI_Color_Bamboo.uasset" 542
"E:/P4GalacticMayhem/Coots/Coots_Gamejam/Content/LPSDeluxe2TropicalEnvironment/LPSD2_Materials/Materials/Master_Color_Instances/MI_Color_Bamboo_2.uasset" 543
"E:/P4GalacticMayhem/Coots/Coots_Gamejam/Content/LPSDeluxe2TropicalEnvironment/LPSD2_Meshes/Flora/SM_Bamboo_1.uasset" 544
"E:/P4GalacticMayhem/Coots/Coots_Gamejam/Content/LPSDeluxe2TropicalEnvironment/LPSD2_Materials/Materials/Master_Color_Instances/MI_Color_Clay.uasset" 545
"E:/P4GalacticMayhem/Coots/Coots_Gamejam/Content/LPSDeluxe2TropicalEnvironment/LPSD2_Materials/Materials/Master_Color_Instances/MI_Color_Canvas.uasset" 546
"E:/P4GalacticMayhem/Coots/Coots_Gamejam/Content/LPSDeluxe2TropicalEnvironment/LPSD2_Meshes/Beach/SM_BeachDock_1.uasset" 547
"E:/P4GalacticMayhem/Coots/Coots_Gamejam/Content/LPSDeluxe2TropicalEnvironment/LPSD2_Materials/SpecialMaterials/MiscMaterials/M_LavaFlow_3.uasset" 548
"../../../Engine/Content/EngineSky/T_Sky_Stars.uasset" 549
"../../../Engine/Content/EngineSky/T_Sky_Clouds_M.uasset" 550
"../../../Engine/Content/EngineMaterials/WeightMapPlaceholderTexture.uasset" 551
"../../../Engine/Content/EngineMaterials/DefaultPhysicalMaterial.uasset" 552
"E:/P4GalacticMayhem/Coots/Coots_Gamejam/Content/LPSDeluxe2TropicalEnvironment/LPSD2_Materials/Landscape/M_Landscape_LowPolyTropical.uasset" 553
"../../../Engine/Content/EngineSky/T_Sky_Blue.uasset" 554
"../../../Engine/Content/EngineSky/M_Sky_Panning_Clouds2.uasset" 555
"E:/P4GalacticMayhem/Coots/Coots_Gamejam/Content/LPSDeluxe2TropicalEnvironment/ExampleMaps/DemoMap1_sharedassets/Wet_Sand_LayerInfo.uasset" 556
"E:/P4GalacticMayhem/Coots/Coots_Gamejam/Content/LPSDeluxe2TropicalEnvironment/ExampleMaps/DemoMap1_sharedassets/Sand_LayerInfo.uasset" 557
"E:/P4GalacticMayhem/Coots/Coots_Gamejam/Content/LPSDeluxe2TropicalEnvironment/ExampleMaps/DemoMap1_sharedassets/Rock_LayerInfo.uasset" 558
"E:/P4GalacticMayhem/Coots/Coots_Gamejam/Content/LPSDeluxe2TropicalEnvironment/ExampleMaps/DemoMap1_sharedassets/LavaRock_LayerInfo.uasset" 559
"E:/P4GalacticMayhem/Coots/Coots_Gamejam/Content/LPSDeluxe2TropicalEnvironment/ExampleMaps/DemoMap1_sharedassets/Grass_LayerInfo.uasset" 560
"E:/P4GalacticMayhem/Coots/Coots_Gamejam/Content/LPSDeluxe2TropicalEnvironment/ExampleMaps/DemoMap1_sharedassets/Dirt_LayerInfo.uasset" 561
"../../../Engine/Content/EngineSky/SM_SkySphere.uasset" 562
"../../../Engine/Content/EngineSky/C_Sky_Zenith_Color.uasset" 563
"../../../Engine/Content/EngineSky/C_Sky_Horizon_Color.uasset" 564
"../../../Engine/Content/EngineSky/C_Sky_Cloud_Color.uasset" 565
"../../../Engine/Content/EngineSky/BP_Sky_Sphere.uasset" 566
"E:/P4GalacticMayhem/Coots/Coots_Gamejam/Content/Core/Slime/Slime_SK_Skeleton.uasset" 567
"E:/P4GalacticMayhem/Coots/Coots_Gamejam/Content/Core/Slime/Slime_SK_PhysicsAsset.uasset" 568
"E:/P4GalacticMayhem/Coots/Coots_Gamejam/Content/Core/Slime/Slime_Hand_Basecolor.uasset" 569
"E:/P4GalacticMayhem/Coots/Coots_Gamejam/Content/Core/Slime/Slime_Hand_Alpha.uasset" 570
"E:/P4GalacticMayhem/Coots/Coots_Gamejam/Content/Core/Slime/SlimeHand_Mat.uasset" 571
"E:/P4GalacticMayhem/Coots/Coots_Gamejam/Content/Core/Slime/Slime_Body_Basecolor.uasset" 572
"E:/P4GalacticMayhem/Coots/Coots_Gamejam/Content/Core/Slime/Slime_Body_Alpha.uasset" 573
"E:/P4GalacticMayhem/Coots/Coots_Gamejam/Content/Core/Slime/SlimeBody_Mat.uasset" 574
"E:/P4GalacticMayhem/Coots/Coots_Gamejam/Content/Core/Slime/Slime_SK.uasset" 575
"E:/P4GalacticMayhem/Coots/Coots_Gamejam/Content/Core/Player/Death_Respawn/RespawnZone.uasset" 576
"E:/P4GalacticMayhem/Coots/Coots_Gamejam/Content/LPSDeluxe2TropicalEnvironment/LPSD2_Materials/SpecialMaterials/WaterMaterials/M_Water_Waves.uasset" 577
"E:/P4GalacticMayhem/Coots/Coots_Gamejam/Content/LPSDeluxe2TropicalEnvironment/LPSD2_Meshes/Water/SM_PixelWater_2.uasset" 578
"E:/P4GalacticMayhem/Coots/Coots_Gamejam/Content/LPSDeluxe2TropicalEnvironment/LPSD2_Materials/SpecialMaterials/MiscMaterials/M_LavaFlow_1.uasset" 579
"E:/P4GalacticMayhem/Coots/Coots_Gamejam/Content/LPSDeluxe2TropicalEnvironment/LPSD2_Meshes/Volcano/SM_LavaFlow_2.uasset" 580
"E:/P4GalacticMayhem/Coots/Coots_Gamejam/Content/LPSDeluxe2TropicalEnvironment/LPSD2_Meshes/Volcano/SM_LavaFlow_1.uasset" 581
"E:/P4GalacticMayhem/Coots/Coots_Gamejam/Content/LPSDeluxe2TropicalEnvironment/LPSD2_Meshes/Volcano/SM_LavaField_1.uasset" 582
"E:/P4GalacticMayhem/Coots/Coots_Gamejam/Content/LPSDeluxe2TropicalEnvironment/LPSD2_Meshes/Volcano/SM_LavaCave_2.uasset" 583
"E:/P4GalacticMayhem/Coots/Coots_Gamejam/Content/LPSDeluxe2TropicalEnvironment/LPSD2_Meshes/Volcano/SM_LavaCave_1.uasset" 584
"E:/P4GalacticMayhem/Coots/Coots_Gamejam/Content/LPSDeluxe2TropicalEnvironment/LPSD2_Materials/Materials/Master_Color_Instances/MI_Color_White.uasset" 585
"E:/P4GalacticMayhem/Coots/Coots_Gamejam/Content/LPSDeluxe2TropicalEnvironment/LPSD2_Materials/Materials/Master_Color_Instances/MI_Color_CreamOrange.uasset" 586
"E:/P4GalacticMayhem/Coots/Coots_Gamejam/Content/LPSDeluxe2TropicalEnvironment/LPSD2_Meshes/Tiki/SM_TikiPole_1.uasset" 587
"E:/P4GalacticMayhem/Coots/Coots_Gamejam/Content/LPSDeluxe2TropicalEnvironment/LPSD2_Meshes/Platform/SM_XLPlatform_1.uasset" 588
"E:/P4GalacticMayhem/Coots/Coots_Gamejam/Content/Levels/L_Master.umap" 589
"E:/P4GalacticMayhem/Coots/Coots_Gamejam/Content/Core/Cutscenes/lambert1.uasset" 590
"E:/P4GalacticMayhem/Coots/Coots_Gamejam/Content/Core/Cutscenes/CamCube_SK_Skeleton.uasset" 591
"E:/P4GalacticMayhem/Coots/Coots_Gamejam/Content/Core/Cutscenes/CamCube_SK.uasset" 592
"E:/P4GalacticMayhem/Coots/Coots_Gamejam/Content/Core/Cutscenes/IntroCutscene/CamCube_Intro.uasset" 593
"E:/P4GalacticMayhem/Coots/Coots_Gamejam/Content/Core/Cutscenes/IntroCutscene/Coots_Intro_Anim.uasset" 594
"E:/P4GalacticMayhem/Coots/Coots_Gamejam/Content/Core/Cutscenes/IntroCutscene/Ludwig_Intro_Anim.uasset" 595
"E:/P4GalacticMayhem/Coots/Coots_Gamejam/Content/Core/Cutscenes/IntroCutscene/Slime_Intro_Anim.uasset" 596
"E:/P4GalacticMayhem/Coots/Coots_Gamejam/Content/Core/Sounds/CutsceneEffects/368511__jofae__8-bit-fireball.uasset" 597
"E:/P4GalacticMayhem/Coots/Coots_Gamejam/Content/Core/Cutscenes/IntroCutscene/shots/shot0010/shot0010_01.uasset" 598
"E:/P4GalacticMayhem/Coots/Coots_Gamejam/Content/Core/Cutscenes/IntroCutscene/IntroCutscene.uasset" 599
"E:/P4GalacticMayhem/Coots/Coots_Gamejam/Content/Core/UI/W_MainMenue.uasset" 600
"E:/P4GalacticMayhem/Coots/Coots_Gamejam/Content/LPSDeluxe2TropicalEnvironment/LPSD2_Materials/Materials/Master_Color_Instances/MI_Color_Tawny.uasset" 601
"E:/P4GalacticMayhem/Coots/Coots_Gamejam/Content/LPSDeluxe2TropicalEnvironment/LPSD2_Materials/Materials/Master_Color_Instances/MI_Color_Coral.uasset" 602
"E:/P4GalacticMayhem/Coots/Coots_Gamejam/Content/LPSDeluxe2TropicalEnvironment/LPSD2_Meshes/Beach/SM_StarFish_1.uasset" 603
"E:/P4GalacticMayhem/Coots/Coots_Gamejam/Content/Core/MainMenuPlayer.uasset" 604
"E:/P4GalacticMayhem/Coots/Coots_Gamejam/Content/Core/UI/GM_Menu.uasset" 605
"E:/P4GalacticMayhem/Coots/Coots_Gamejam/Content/Levels/MainMenu.umap" 606
"../../../Engine/Content/Maps/Entry_BuiltData.uasset" 607
"../../../Engine/Content/Maps/Entry.umap" 608
